1502708766157	geckodriver	INFO	geckodriver 0.18.0
1502708766164	geckodriver	INFO	Listening on 127.0.0.1:43865
1502708767327	geckodriver::marionette	INFO	Starting browser /usr/bin/firefox with args ["-marionette"]

(firefox:29034): GLib-GObject-CRITICAL **: g_object_ref: assertion 'object->ref_count > 0' failed

(firefox:29034): GLib-GObject-CRITICAL **: g_object_unref: assertion 'object->ref_count > 0' failed

(firefox:29034): GLib-GObject-CRITICAL **: g_object_ref: assertion 'object->ref_count > 0' failed

(firefox:29034): GLib-GObject-CRITICAL **: g_object_unref: assertion 'object->ref_count > 0' failed
1502708772744	Marionette	INFO	Listening on port 39164
1502708772819	Marionette	WARN	TLS certificate errors will be ignored for this session

(/usr/lib/firefox/firefox:29102): GLib-GObject-CRITICAL **: g_object_ref: assertion 'object->ref_count > 0' failed

(/usr/lib/firefox/firefox:29102): GLib-GObject-CRITICAL **: g_object_unref: assertion 'object->ref_count > 0' failed

(/usr/lib/firefox/firefox:29102): GLib-GObject-CRITICAL **: g_object_ref: assertion 'object->ref_count > 0' failed

(/usr/lib/firefox/firefox:29102): GLib-GObject-CRITICAL **: g_object_unref: assertion 'object->ref_count > 0' failed

(firefox:29034): GLib-GObject-CRITICAL **: g_object_ref: assertion 'object->ref_count > 0' failed

(firefox:29034): GLib-GObject-CRITICAL **: g_object_unref: assertion 'object->ref_count > 0' failed

(firefox:29034): GLib-GObject-CRITICAL **: g_object_ref: assertion 'object->ref_count > 0' failed

(firefox:29034): GLib-GObject-CRITICAL **: g_object_unref: assertion 'object->ref_count > 0' failed

(firefox:29034): GLib-GObject-CRITICAL **: g_object_ref: assertion 'object->ref_count > 0' failed

(firefox:29034): GLib-GObject-CRITICAL **: g_object_unref: assertion 'object->ref_count > 0' failed

(firefox:29034): GLib-GObject-CRITICAL **: g_object_ref: assertion 'object->ref_count > 0' failed

(firefox:29034): GLib-GObject-CRITICAL **: g_object_unref: assertion 'object->ref_count > 0' failed

(firefox:29034): GLib-GObject-CRITICAL **: g_object_ref: assertion 'object->ref_count > 0' failed

(firefox:29034): GLib-GObject-CRITICAL **: g_object_unref: assertion 'object->ref_count > 0' failed
1502708861817	geckodriver	INFO	geckodriver 0.18.0
1502708861826	geckodriver	INFO	Listening on 127.0.0.1:51339
1502708862990	geckodriver::marionette	INFO	Starting browser /usr/bin/firefox with args ["-marionette"]

(firefox:29188): GLib-GObject-CRITICAL **: g_object_ref: assertion 'object->ref_count > 0' failed

(firefox:29188): GLib-GObject-CRITICAL **: g_object_unref: assertion 'object->ref_count > 0' failed

(firefox:29188): GLib-GObject-CRITICAL **: g_object_ref: assertion 'object->ref_count > 0' failed

(firefox:29188): GLib-GObject-CRITICAL **: g_object_unref: assertion 'object->ref_count > 0' failed
1502708868423	Marionette	INFO	Listening on port 50910
1502708868586	Marionette	WARN	TLS certificate errors will be ignored for this session

(/usr/lib/firefox/firefox:29254): GLib-GObject-CRITICAL **: g_object_ref: assertion 'object->ref_count > 0' failed

(/usr/lib/firefox/firefox:29254): GLib-GObject-CRITICAL **: g_object_unref: assertion 'object->ref_count > 0' failed

(/usr/lib/firefox/firefox:29254): GLib-GObject-CRITICAL **: g_object_ref: assertion 'object->ref_count > 0' failed

(/usr/lib/firefox/firefox:29254): GLib-GObject-CRITICAL **: g_object_unref: assertion 'object->ref_count > 0' failed
1502709071161	geckodriver	INFO	geckodriver 0.18.0
1502709071168	geckodriver	INFO	Listening on 127.0.0.1:43524
1502709072332	geckodriver::marionette	INFO	Starting browser /usr/bin/firefox with args ["-marionette"]

(firefox:29513): GLib-GObject-CRITICAL **: g_object_ref: assertion 'object->ref_count > 0' failed

(firefox:29513): GLib-GObject-CRITICAL **: g_object_unref: assertion 'object->ref_count > 0' failed

(firefox:29513): GLib-GObject-CRITICAL **: g_object_ref: assertion 'object->ref_count > 0' failed

(firefox:29513): GLib-GObject-CRITICAL **: g_object_unref: assertion 'object->ref_count > 0' failed

(firefox:29188): GLib-GObject-CRITICAL **: g_object_ref: assertion 'object->ref_count > 0' failed

(firefox:29188): GLib-GObject-CRITICAL **: g_object_unref: assertion 'object->ref_count > 0' failed

(firefox:29188): GLib-GObject-CRITICAL **: g_object_ref: assertion 'object->ref_count > 0' failed

(firefox:29188): GLib-GObject-CRITICAL **: g_object_unref: assertion 'object->ref_count > 0' failed

(firefox:29188): GLib-GObject-CRITICAL **: g_object_ref: assertion 'object->ref_count > 0' failed

(firefox:29188): GLib-GObject-CRITICAL **: g_object_unref: assertion 'object->ref_count > 0' failed

(firefox:29188): GLib-GObject-CRITICAL **: g_object_ref: assertion 'object->ref_count > 0' failed

(firefox:29188): GLib-GObject-CRITICAL **: g_object_unref: assertion 'object->ref_count > 0' failed

(firefox:29188): GLib-GObject-CRITICAL **: g_object_ref: assertion 'object->ref_count > 0' failed

(firefox:29188): GLib-GObject-CRITICAL **: g_object_unref: assertion 'object->ref_count > 0' failed
1502709077842	Marionette	INFO	Listening on port 59695
1502709078019	Marionette	WARN	TLS certificate errors will be ignored for this session

(/usr/lib/firefox/firefox:29582): GLib-GObject-CRITICAL **: g_object_ref: assertion 'object->ref_count > 0' failed

(/usr/lib/firefox/firefox:29582): GLib-GObject-CRITICAL **: g_object_unref: assertion 'object->ref_count > 0' failed

(/usr/lib/firefox/firefox:29582): GLib-GObject-CRITICAL **: g_object_ref: assertion 'object->ref_count > 0' failed

(/usr/lib/firefox/firefox:29582): GLib-GObject-CRITICAL **: g_object_unref: assertion 'object->ref_count > 0' failed
1502770841547	geckodriver	INFO	geckodriver 0.18.0
1502770841582	geckodriver	INFO	Listening on 127.0.0.1:44094
1502770842755	geckodriver::marionette	INFO	Starting browser /usr/bin/firefox with args ["-marionette"]

(firefox:7983): GLib-GObject-CRITICAL **: g_object_ref: assertion 'object->ref_count > 0' failed

(firefox:7983): GLib-GObject-CRITICAL **: g_object_unref: assertion 'object->ref_count > 0' failed

(firefox:7983): GLib-GObject-CRITICAL **: g_object_ref: assertion 'object->ref_count > 0' failed

(firefox:7983): GLib-GObject-CRITICAL **: g_object_unref: assertion 'object->ref_count > 0' failed
1502770850204	Marionette	INFO	Listening on port 55808
1502770850441	Marionette	WARN	TLS certificate errors will be ignored for this session

(/usr/lib/firefox/firefox:8057): GLib-GObject-CRITICAL **: g_object_ref: assertion 'object->ref_count > 0' failed

(/usr/lib/firefox/firefox:8057): GLib-GObject-CRITICAL **: g_object_unref: assertion 'object->ref_count > 0' failed

(/usr/lib/firefox/firefox:8057): GLib-GObject-CRITICAL **: g_object_ref: assertion 'object->ref_count > 0' failed

(/usr/lib/firefox/firefox:8057): GLib-GObject-CRITICAL **: g_object_unref: assertion 'object->ref_count > 0' failed
1502773131060	geckodriver	INFO	geckodriver 0.18.0
1502773131069	geckodriver	INFO	Listening on 127.0.0.1:34053
1502773132217	geckodriver::marionette	INFO	Starting browser /usr/bin/firefox with args ["-marionette"]

(firefox:10021): GLib-GObject-CRITICAL **: g_object_ref: assertion 'object->ref_count > 0' failed

(firefox:10021): GLib-GObject-CRITICAL **: g_object_unref: assertion 'object->ref_count > 0' failed

(firefox:10021): GLib-GObject-CRITICAL **: g_object_ref: assertion 'object->ref_count > 0' failed

(firefox:10021): GLib-GObject-CRITICAL **: g_object_unref: assertion 'object->ref_count > 0' failed
1502773137884	Marionette	INFO	Listening on port 46922
1502773138151	Marionette	WARN	TLS certificate errors will be ignored for this session

(/usr/lib/firefox/firefox:10088): GLib-GObject-CRITICAL **: g_object_ref: assertion 'object->ref_count > 0' failed

(/usr/lib/firefox/firefox:10088): GLib-GObject-CRITICAL **: g_object_unref: assertion 'object->ref_count > 0' failed

(/usr/lib/firefox/firefox:10088): GLib-GObject-CRITICAL **: g_object_ref: assertion 'object->ref_count > 0' failed

(/usr/lib/firefox/firefox:10088): GLib-GObject-CRITICAL **: g_object_unref: assertion 'object->ref_count > 0' failed
1502773231088	geckodriver	INFO	geckodriver 0.18.0
1502773231099	geckodriver	INFO	Listening on 127.0.0.1:51887
1502773232261	geckodriver::marionette	INFO	Starting browser /usr/bin/firefox with args ["-marionette"]

(firefox:10192): GLib-GObject-CRITICAL **: g_object_ref: assertion 'object->ref_count > 0' failed

(firefox:10192): GLib-GObject-CRITICAL **: g_object_unref: assertion 'object->ref_count > 0' failed

(firefox:10192): GLib-GObject-CRITICAL **: g_object_ref: assertion 'object->ref_count > 0' failed

(firefox:10192): GLib-GObject-CRITICAL **: g_object_unref: assertion 'object->ref_count > 0' failed
1502773237812	Marionette	INFO	Listening on port 34053
1502773237960	Marionette	WARN	TLS certificate errors will be ignored for this session

(/usr/lib/firefox/firefox:10261): GLib-GObject-CRITICAL **: g_object_ref: assertion 'object->ref_count > 0' failed

(/usr/lib/firefox/firefox:10261): GLib-GObject-CRITICAL **: g_object_unref: assertion 'object->ref_count > 0' failed

(/usr/lib/firefox/firefox:10261): GLib-GObject-CRITICAL **: g_object_ref: assertion 'object->ref_count > 0' failed

(/usr/lib/firefox/firefox:10261): GLib-GObject-CRITICAL **: g_object_unref: assertion 'object->ref_count > 0' failed
1502773278656	geckodriver	INFO	geckodriver 0.18.0
1502773278666	geckodriver	INFO	Listening on 127.0.0.1:53399
1502773279821	geckodriver::marionette	INFO	Starting browser /usr/bin/firefox with args ["-marionette"]

(firefox:10332): GLib-GObject-CRITICAL **: g_object_ref: assertion 'object->ref_count > 0' failed

(firefox:10332): GLib-GObject-CRITICAL **: g_object_unref: assertion 'object->ref_count > 0' failed

(firefox:10332): GLib-GObject-CRITICAL **: g_object_ref: assertion 'object->ref_count > 0' failed

(firefox:10332): GLib-GObject-CRITICAL **: g_object_unref: assertion 'object->ref_count > 0' failed
1502773285507	Marionette	INFO	Listening on port 40110

(/usr/lib/firefox/firefox:10399): GLib-GObject-CRITICAL **: g_object_ref: assertion 'object->ref_count > 0' failed

(/usr/lib/firefox/firefox:10399): GLib-GObject-CRITICAL **: g_object_unref: assertion 'object->ref_count > 0' failed

(/usr/lib/firefox/firefox:10399): GLib-GObject-CRITICAL **: g_object_ref: assertion 'object->ref_count > 0' failed

(/usr/lib/firefox/firefox:10399): GLib-GObject-CRITICAL **: g_object_unref: assertion 'object->ref_count > 0' failed
1502773285670	Marionette	WARN	TLS certificate errors will be ignored for this session
1502774716153	geckodriver	INFO	geckodriver 0.18.0
1502774716163	geckodriver	INFO	Listening on 127.0.0.1:33689
1502774717318	geckodriver::marionette	INFO	Starting browser /usr/bin/firefox with args ["-marionette"]

(firefox:12024): GLib-GObject-CRITICAL **: g_object_ref: assertion 'object->ref_count > 0' failed

(firefox:12024): GLib-GObject-CRITICAL **: g_object_unref: assertion 'object->ref_count > 0' failed

(firefox:12024): GLib-GObject-CRITICAL **: g_object_ref: assertion 'object->ref_count > 0' failed

(firefox:12024): GLib-GObject-CRITICAL **: g_object_unref: assertion 'object->ref_count > 0' failed
1502774722775	Marionette	INFO	Listening on port 33322
1502774722918	Marionette	WARN	TLS certificate errors will be ignored for this session

(/usr/lib/firefox/firefox:12088): GLib-GObject-CRITICAL **: g_object_ref: assertion 'object->ref_count > 0' failed

(/usr/lib/firefox/firefox:12088): GLib-GObject-CRITICAL **: g_object_unref: assertion 'object->ref_count > 0' failed

(/usr/lib/firefox/firefox:12088): GLib-GObject-CRITICAL **: g_object_ref: assertion 'object->ref_count > 0' failed

(/usr/lib/firefox/firefox:12088): GLib-GObject-CRITICAL **: g_object_unref: assertion 'object->ref_count > 0' failed
1502776133392	geckodriver	INFO	geckodriver 0.18.0
1502776133401	geckodriver	INFO	Listening on 127.0.0.1:38059
1502776134560	geckodriver::marionette	INFO	Starting browser /usr/bin/firefox with args ["-marionette"]

(firefox:13268): GLib-GObject-CRITICAL **: g_object_ref: assertion 'object->ref_count > 0' failed

(firefox:13268): GLib-GObject-CRITICAL **: g_object_unref: assertion 'object->ref_count > 0' failed

(firefox:13268): GLib-GObject-CRITICAL **: g_object_ref: assertion 'object->ref_count > 0' failed

(firefox:13268): GLib-GObject-CRITICAL **: g_object_unref: assertion 'object->ref_count > 0' failed
1502776140760	Marionette	INFO	Listening on port 33229
1502776140878	Marionette	WARN	TLS certificate errors will be ignored for this session

(/usr/lib/firefox/firefox:13331): GLib-GObject-CRITICAL **: g_object_ref: assertion 'object->ref_count > 0' failed

(/usr/lib/firefox/firefox:13331): GLib-GObject-CRITICAL **: g_object_unref: assertion 'object->ref_count > 0' failed

(/usr/lib/firefox/firefox:13331): GLib-GObject-CRITICAL **: g_object_ref: assertion 'object->ref_count > 0' failed

(/usr/lib/firefox/firefox:13331): GLib-GObject-CRITICAL **: g_object_unref: assertion 'object->ref_count > 0' failed
1502783844186	geckodriver	INFO	geckodriver 0.18.0
1502783844198	geckodriver	INFO	Listening on 127.0.0.1:44033
1502783844474	geckodriver::marionette	INFO	Starting browser /usr/bin/firefox with args ["-marionette"]

(firefox:17598): GLib-GObject-CRITICAL **: g_object_ref: assertion 'object->ref_count > 0' failed

(firefox:17598): GLib-GObject-CRITICAL **: g_object_unref: assertion 'object->ref_count > 0' failed

(firefox:17598): GLib-GObject-CRITICAL **: g_object_ref: assertion 'object->ref_count > 0' failed

(firefox:17598): GLib-GObject-CRITICAL **: g_object_unref: assertion 'object->ref_count > 0' failed
1502783852058	Marionette	INFO	Listening on port 45966
1502783852213	Marionette	WARN	TLS certificate errors will be ignored for this session

(/usr/lib/firefox/firefox:17663): GLib-GObject-CRITICAL **: g_object_ref: assertion 'object->ref_count > 0' failed

(/usr/lib/firefox/firefox:17663): GLib-GObject-CRITICAL **: g_object_unref: assertion 'object->ref_count > 0' failed

(/usr/lib/firefox/firefox:17663): GLib-GObject-CRITICAL **: g_object_ref: assertion 'object->ref_count > 0' failed

(/usr/lib/firefox/firefox:17663): GLib-GObject-CRITICAL **: g_object_unref: assertion 'object->ref_count > 0' failed
1502783901243	geckodriver	INFO	geckodriver 0.18.0
1502783901250	geckodriver	INFO	Listening on 127.0.0.1:48059
1502783902404	geckodriver::marionette	INFO	Starting browser /usr/bin/firefox with args ["-marionette"]

(firefox:17772): GLib-GObject-CRITICAL **: g_object_ref: assertion 'object->ref_count > 0' failed

(firefox:17772): GLib-GObject-CRITICAL **: g_object_unref: assertion 'object->ref_count > 0' failed

(firefox:17772): GLib-GObject-CRITICAL **: g_object_ref: assertion 'object->ref_count > 0' failed

(firefox:17772): GLib-GObject-CRITICAL **: g_object_unref: assertion 'object->ref_count > 0' failed
1502783908010	Marionette	INFO	Listening on port 58428
1502783908129	Marionette	WARN	TLS certificate errors will be ignored for this session

(/usr/lib/firefox/firefox:17839): GLib-GObject-CRITICAL **: g_object_ref: assertion 'object->ref_count > 0' failed

(/usr/lib/firefox/firefox:17839): GLib-GObject-CRITICAL **: g_object_unref: assertion 'object->ref_count > 0' failed

(/usr/lib/firefox/firefox:17839): GLib-GObject-CRITICAL **: g_object_ref: assertion 'object->ref_count > 0' failed

(/usr/lib/firefox/firefox:17839): GLib-GObject-CRITICAL **: g_object_unref: assertion 'object->ref_count > 0' failed
1502783999809	geckodriver	INFO	geckodriver 0.18.0
1502783999817	geckodriver	INFO	Listening on 127.0.0.1:55754
1502784000972	geckodriver::marionette	INFO	Starting browser /usr/bin/firefox with args ["-marionette"]

(firefox:18001): GLib-GObject-CRITICAL **: g_object_ref: assertion 'object->ref_count > 0' failed

(firefox:18001): GLib-GObject-CRITICAL **: g_object_unref: assertion 'object->ref_count > 0' failed

(firefox:18001): GLib-GObject-CRITICAL **: g_object_ref: assertion 'object->ref_count > 0' failed

(firefox:18001): GLib-GObject-CRITICAL **: g_object_unref: assertion 'object->ref_count > 0' failed
1502784006569	Marionette	INFO	Listening on port 41127
1502784006744	Marionette	WARN	TLS certificate errors will be ignored for this session

(/usr/lib/firefox/firefox:18068): GLib-GObject-CRITICAL **: g_object_ref: assertion 'object->ref_count > 0' failed

(/usr/lib/firefox/firefox:18068): GLib-GObject-CRITICAL **: g_object_unref: assertion 'object->ref_count > 0' failed

(/usr/lib/firefox/firefox:18068): GLib-GObject-CRITICAL **: g_object_ref: assertion 'object->ref_count > 0' failed

(/usr/lib/firefox/firefox:18068): GLib-GObject-CRITICAL **: g_object_unref: assertion 'object->ref_count > 0' failed
[Child 18068] WARNING: pipe error (3): Соединение разорвано другой стороной: file /build/firefox-FVkZSl/firefox-53.0+build6/ipc/chromium/src/chrome/common/ipc_channel_posix.cc, line 346
1502788486763	geckodriver	INFO	geckodriver 0.18.0
1502788486777	geckodriver	INFO	Listening on 127.0.0.1:60350
1502788487929	geckodriver::marionette	INFO	Starting browser /usr/bin/firefox with args ["-marionette"]

(firefox:20242): GLib-GObject-CRITICAL **: g_object_ref: assertion 'object->ref_count > 0' failed

(firefox:20242): GLib-GObject-CRITICAL **: g_object_unref: assertion 'object->ref_count > 0' failed

(firefox:20242): GLib-GObject-CRITICAL **: g_object_ref: assertion 'object->ref_count > 0' failed

(firefox:20242): GLib-GObject-CRITICAL **: g_object_unref: assertion 'object->ref_count > 0' failed
1502788493329	Marionette	INFO	Listening on port 35943
1502788493448	Marionette	WARN	TLS certificate errors will be ignored for this session

(/usr/lib/firefox/firefox:20312): GLib-GObject-CRITICAL **: g_object_ref: assertion 'object->ref_count > 0' failed

(/usr/lib/firefox/firefox:20312): GLib-GObject-CRITICAL **: g_object_unref: assertion 'object->ref_count > 0' failed

(/usr/lib/firefox/firefox:20312): GLib-GObject-CRITICAL **: g_object_ref: assertion 'object->ref_count > 0' failed

(/usr/lib/firefox/firefox:20312): GLib-GObject-CRITICAL **: g_object_unref: assertion 'object->ref_count > 0' failed
1502788536382	geckodriver	INFO	geckodriver 0.18.0
1502788536389	geckodriver	INFO	Listening on 127.0.0.1:37140
1502788537573	geckodriver::marionette	INFO	Starting browser /usr/bin/firefox with args ["-marionette"]

(firefox:20386): GLib-GObject-CRITICAL **: g_object_ref: assertion 'object->ref_count > 0' failed

(firefox:20386): GLib-GObject-CRITICAL **: g_object_unref: assertion 'object->ref_count > 0' failed

(firefox:20386): GLib-GObject-CRITICAL **: g_object_ref: assertion 'object->ref_count > 0' failed

(firefox:20386): GLib-GObject-CRITICAL **: g_object_unref: assertion 'object->ref_count > 0' failed
1502788543839	Marionette	INFO	Listening on port 48713
1502788543956	Marionette	WARN	TLS certificate errors will be ignored for this session

(/usr/lib/firefox/firefox:20451): GLib-GObject-CRITICAL **: g_object_ref: assertion 'object->ref_count > 0' failed

(/usr/lib/firefox/firefox:20451): GLib-GObject-CRITICAL **: g_object_unref: assertion 'object->ref_count > 0' failed

(/usr/lib/firefox/firefox:20451): GLib-GObject-CRITICAL **: g_object_ref: assertion 'object->ref_count > 0' failed

(/usr/lib/firefox/firefox:20451): GLib-GObject-CRITICAL **: g_object_unref: assertion 'object->ref_count > 0' failed
1502788567130	geckodriver	INFO	geckodriver 0.18.0
1502788567138	geckodriver	INFO	Listening on 127.0.0.1:58676
1502788568293	geckodriver::marionette	INFO	Starting browser /usr/bin/firefox with args ["-marionette"]

(firefox:20514): GLib-GObject-CRITICAL **: g_object_ref: assertion 'object->ref_count > 0' failed

(firefox:20514): GLib-GObject-CRITICAL **: g_object_unref: assertion 'object->ref_count > 0' failed

(firefox:20514): GLib-GObject-CRITICAL **: g_object_ref: assertion 'object->ref_count > 0' failed

(firefox:20514): GLib-GObject-CRITICAL **: g_object_unref: assertion 'object->ref_count > 0' failed
1502788573655	Marionette	INFO	Listening on port 54167

(/usr/lib/firefox/firefox:20577): GLib-GObject-CRITICAL **: g_object_ref: assertion 'object->ref_count > 0' failed

(/usr/lib/firefox/firefox:20577): GLib-GObject-CRITICAL **: g_object_unref: assertion 'object->ref_count > 0' failed

(/usr/lib/firefox/firefox:20577): GLib-GObject-CRITICAL **: g_object_ref: assertion 'object->ref_count > 0' failed

(/usr/lib/firefox/firefox:20577): GLib-GObject-CRITICAL **: g_object_unref: assertion 'object->ref_count > 0' failed
1502788573804	Marionette	WARN	TLS certificate errors will be ignored for this session
1502789625930	geckodriver	INFO	geckodriver 0.18.0
1502789625935	geckodriver	INFO	Listening on 127.0.0.1:37288
1502789627090	geckodriver::marionette	INFO	Starting browser /usr/bin/firefox with args ["-marionette"]

(firefox:21052): GLib-GObject-CRITICAL **: g_object_ref: assertion 'object->ref_count > 0' failed

(firefox:21052): GLib-GObject-CRITICAL **: g_object_unref: assertion 'object->ref_count > 0' failed

(firefox:21052): GLib-GObject-CRITICAL **: g_object_ref: assertion 'object->ref_count > 0' failed

(firefox:21052): GLib-GObject-CRITICAL **: g_object_unref: assertion 'object->ref_count > 0' failed
1502789635557	Marionette	INFO	Listening on port 60373
1502789635867	Marionette	WARN	TLS certificate errors will be ignored for this session

(/usr/lib/firefox/firefox:21119): GLib-GObject-CRITICAL **: g_object_ref: assertion 'object->ref_count > 0' failed

(/usr/lib/firefox/firefox:21119): GLib-GObject-CRITICAL **: g_object_unref: assertion 'object->ref_count > 0' failed

(/usr/lib/firefox/firefox:21119): GLib-GObject-CRITICAL **: g_object_ref: assertion 'object->ref_count > 0' failed

(/usr/lib/firefox/firefox:21119): GLib-GObject-CRITICAL **: g_object_unref: assertion 'object->ref_count > 0' failed
[GFX1-]: Receive IPC close with reason=AbnormalShutdown
1502789657115	geckodriver	INFO	geckodriver 0.18.0
1502789657125	geckodriver	INFO	Listening on 127.0.0.1:47415
1502789658299	geckodriver::marionette	INFO	Starting browser /usr/bin/firefox with args ["-marionette"]

(firefox:21183): GLib-GObject-CRITICAL **: g_object_ref: assertion 'object->ref_count > 0' failed

(firefox:21183): GLib-GObject-CRITICAL **: g_object_unref: assertion 'object->ref_count > 0' failed

(firefox:21183): GLib-GObject-CRITICAL **: g_object_ref: assertion 'object->ref_count > 0' failed

(firefox:21183): GLib-GObject-CRITICAL **: g_object_unref: assertion 'object->ref_count > 0' failed
1502789665638	Marionette	INFO	Listening on port 49696
1502789665831	Marionette	WARN	TLS certificate errors will be ignored for this session

(/usr/lib/firefox/firefox:21248): GLib-GObject-CRITICAL **: g_object_ref: assertion 'object->ref_count > 0' failed

(/usr/lib/firefox/firefox:21248): GLib-GObject-CRITICAL **: g_object_unref: assertion 'object->ref_count > 0' failed

(/usr/lib/firefox/firefox:21248): GLib-GObject-CRITICAL **: g_object_ref: assertion 'object->ref_count > 0' failed

(/usr/lib/firefox/firefox:21248): GLib-GObject-CRITICAL **: g_object_unref: assertion 'object->ref_count > 0' failed
1502794297183	geckodriver	INFO	geckodriver 0.18.0
1502794297195	geckodriver	INFO	Listening on 127.0.0.1:41858
1502794298389	geckodriver::marionette	INFO	Starting browser /usr/bin/firefox with args ["-marionette"]

(firefox:25373): GLib-GObject-CRITICAL **: g_object_ref: assertion 'object->ref_count > 0' failed

(firefox:25373): GLib-GObject-CRITICAL **: g_object_unref: assertion 'object->ref_count > 0' failed

(firefox:25373): GLib-GObject-CRITICAL **: g_object_ref: assertion 'object->ref_count > 0' failed

(firefox:25373): GLib-GObject-CRITICAL **: g_object_unref: assertion 'object->ref_count > 0' failed
1502794309266	Marionette	INFO	Listening on port 57649
1502794309521	Marionette	WARN	TLS certificate errors will be ignored for this session

(/usr/lib/firefox/firefox:25439): GLib-GObject-CRITICAL **: g_object_ref: assertion 'object->ref_count > 0' failed

(/usr/lib/firefox/firefox:25439): GLib-GObject-CRITICAL **: g_object_unref: assertion 'object->ref_count > 0' failed

(/usr/lib/firefox/firefox:25439): GLib-GObject-CRITICAL **: g_object_ref: assertion 'object->ref_count > 0' failed

(/usr/lib/firefox/firefox:25439): GLib-GObject-CRITICAL **: g_object_unref: assertion 'object->ref_count > 0' failed
1502794318176	geckodriver	INFO	geckodriver 0.18.0
1502794318183	geckodriver	INFO	Listening on 127.0.0.1:44829
1502794319334	geckodriver::marionette	INFO	Starting browser /usr/bin/firefox with args ["-marionette"]

(firefox:25498): GLib-GObject-CRITICAL **: g_object_ref: assertion 'object->ref_count > 0' failed

(firefox:25498): GLib-GObject-CRITICAL **: g_object_unref: assertion 'object->ref_count > 0' failed

(firefox:25498): GLib-GObject-CRITICAL **: g_object_ref: assertion 'object->ref_count > 0' failed

(firefox:25498): GLib-GObject-CRITICAL **: g_object_unref: assertion 'object->ref_count > 0' failed
1502794325472	Marionette	INFO	Listening on port 46501

(/usr/lib/firefox/firefox:25562): GLib-GObject-CRITICAL **: g_object_ref: assertion 'object->ref_count > 0' failed

(/usr/lib/firefox/firefox:25562): GLib-GObject-CRITICAL **: g_object_unref: assertion 'object->ref_count > 0' failed
1502794325579	Marionette	WARN	TLS certificate errors will be ignored for this session

(/usr/lib/firefox/firefox:25562): GLib-GObject-CRITICAL **: g_object_ref: assertion 'object->ref_count > 0' failed

(/usr/lib/firefox/firefox:25562): GLib-GObject-CRITICAL **: g_object_unref: assertion 'object->ref_count > 0' failed
1502794378861	geckodriver	INFO	geckodriver 0.18.0
1502794378870	geckodriver	INFO	Listening on 127.0.0.1:36932
1502794380041	geckodriver::marionette	INFO	Starting browser /usr/bin/firefox with args ["-marionette"]

(firefox:25675): GLib-GObject-CRITICAL **: g_object_ref: assertion 'object->ref_count > 0' failed

(firefox:25675): GLib-GObject-CRITICAL **: g_object_unref: assertion 'object->ref_count > 0' failed

(firefox:25675): GLib-GObject-CRITICAL **: g_object_ref: assertion 'object->ref_count > 0' failed

(firefox:25675): GLib-GObject-CRITICAL **: g_object_unref: assertion 'object->ref_count > 0' failed
1502794385423	Marionette	INFO	Listening on port 60857
1502794385510	Marionette	WARN	TLS certificate errors will be ignored for this session

(/usr/lib/firefox/firefox:25742): GLib-GObject-CRITICAL **: g_object_ref: assertion 'object->ref_count > 0' failed

(/usr/lib/firefox/firefox:25742): GLib-GObject-CRITICAL **: g_object_unref: assertion 'object->ref_count > 0' failed

(/usr/lib/firefox/firefox:25742): GLib-GObject-CRITICAL **: g_object_ref: assertion 'object->ref_count > 0' failed

(/usr/lib/firefox/firefox:25742): GLib-GObject-CRITICAL **: g_object_unref: assertion 'object->ref_count > 0' failed
1502794630735	geckodriver	INFO	geckodriver 0.18.0
1502794630743	geckodriver	INFO	Listening on 127.0.0.1:33033
1502794631900	geckodriver::marionette	INFO	Starting browser /usr/bin/firefox with args ["-marionette"]

(firefox:25937): GLib-GObject-CRITICAL **: g_object_ref: assertion 'object->ref_count > 0' failed

(firefox:25937): GLib-GObject-CRITICAL **: g_object_unref: assertion 'object->ref_count > 0' failed

(firefox:25937): GLib-GObject-CRITICAL **: g_object_ref: assertion 'object->ref_count > 0' failed

(firefox:25937): GLib-GObject-CRITICAL **: g_object_unref: assertion 'object->ref_count > 0' failed
1502794637459	Marionette	INFO	Listening on port 34873
1502794637547	Marionette	WARN	TLS certificate errors will be ignored for this session

(/usr/lib/firefox/firefox:26003): GLib-GObject-CRITICAL **: g_object_ref: assertion 'object->ref_count > 0' failed

(/usr/lib/firefox/firefox:26003): GLib-GObject-CRITICAL **: g_object_unref: assertion 'object->ref_count > 0' failed

(/usr/lib/firefox/firefox:26003): GLib-GObject-CRITICAL **: g_object_ref: assertion 'object->ref_count > 0' failed

(/usr/lib/firefox/firefox:26003): GLib-GObject-CRITICAL **: g_object_unref: assertion 'object->ref_count > 0' failed
1502794931415	geckodriver	INFO	geckodriver 0.18.0
1502794931423	geckodriver	INFO	Listening on 127.0.0.1:54025
1502794932582	geckodriver::marionette	INFO	Starting browser /usr/bin/firefox with args ["-marionette"]

(firefox:26168): GLib-GObject-CRITICAL **: g_object_ref: assertion 'object->ref_count > 0' failed

(firefox:26168): GLib-GObject-CRITICAL **: g_object_unref: assertion 'object->ref_count > 0' failed

(firefox:26168): GLib-GObject-CRITICAL **: g_object_ref: assertion 'object->ref_count > 0' failed

(firefox:26168): GLib-GObject-CRITICAL **: g_object_unref: assertion 'object->ref_count > 0' failed
1502794938185	Marionette	INFO	Listening on port 54629
1502794938332	Marionette	WARN	TLS certificate errors will be ignored for this session

(/usr/lib/firefox/firefox:26236): GLib-GObject-CRITICAL **: g_object_ref: assertion 'object->ref_count > 0' failed

(/usr/lib/firefox/firefox:26236): GLib-GObject-CRITICAL **: g_object_unref: assertion 'object->ref_count > 0' failed

(/usr/lib/firefox/firefox:26236): GLib-GObject-CRITICAL **: g_object_ref: assertion 'object->ref_count > 0' failed

(/usr/lib/firefox/firefox:26236): GLib-GObject-CRITICAL **: g_object_unref: assertion 'object->ref_count > 0' failed
1502796136763	geckodriver	INFO	geckodriver 0.18.0
1502796136772	geckodriver	INFO	Listening on 127.0.0.1:40436
1502796137937	geckodriver::marionette	INFO	Starting browser /usr/bin/firefox with args ["-marionette"]

(firefox:27764): GLib-GObject-CRITICAL **: g_object_ref: assertion 'object->ref_count > 0' failed

(firefox:27764): GLib-GObject-CRITICAL **: g_object_unref: assertion 'object->ref_count > 0' failed

(firefox:27764): GLib-GObject-CRITICAL **: g_object_ref: assertion 'object->ref_count > 0' failed

(firefox:27764): GLib-GObject-CRITICAL **: g_object_unref: assertion 'object->ref_count > 0' failed
1502796143702	Marionette	INFO	Listening on port 49750
1502796143819	Marionette	WARN	TLS certificate errors will be ignored for this session

(/usr/lib/firefox/firefox:27833): GLib-GObject-CRITICAL **: g_object_ref: assertion 'object->ref_count > 0' failed

(/usr/lib/firefox/firefox:27833): GLib-GObject-CRITICAL **: g_object_unref: assertion 'object->ref_count > 0' failed

(/usr/lib/firefox/firefox:27833): GLib-GObject-CRITICAL **: g_object_ref: assertion 'object->ref_count > 0' failed

(/usr/lib/firefox/firefox:27833): GLib-GObject-CRITICAL **: g_object_unref: assertion 'object->ref_count > 0' failed
1502796257354	geckodriver	INFO	geckodriver 0.18.0
1502796257366	geckodriver	INFO	Listening on 127.0.0.1:56305
1502796258524	geckodriver::marionette	INFO	Starting browser /usr/bin/firefox with args ["-marionette"]

(firefox:27976): GLib-GObject-CRITICAL **: g_object_ref: assertion 'object->ref_count > 0' failed

(firefox:27976): GLib-GObject-CRITICAL **: g_object_unref: assertion 'object->ref_count > 0' failed

(firefox:27976): GLib-GObject-CRITICAL **: g_object_ref: assertion 'object->ref_count > 0' failed

(firefox:27976): GLib-GObject-CRITICAL **: g_object_unref: assertion 'object->ref_count > 0' failed
1502796263821	Marionette	INFO	Listening on port 52537
1502796263891	Marionette	WARN	TLS certificate errors will be ignored for this session

(/usr/lib/firefox/firefox:28043): GLib-GObject-CRITICAL **: g_object_ref: assertion 'object->ref_count > 0' failed

(/usr/lib/firefox/firefox:28043): GLib-GObject-CRITICAL **: g_object_unref: assertion 'object->ref_count > 0' failed

(/usr/lib/firefox/firefox:28043): GLib-GObject-CRITICAL **: g_object_ref: assertion 'object->ref_count > 0' failed

(/usr/lib/firefox/firefox:28043): GLib-GObject-CRITICAL **: g_object_unref: assertion 'object->ref_count > 0' failed
